<?xml version="1.0" encoding="UTF-8"?>
<!-- Generated by org.testng.reporters.JUnitXMLReporter -->
<testsuite ignored="0" hostname="DESKTOP-RA1A7S2" failures="0" tests="4" name="Test" time="16.399" errors="0" timestamp="2022-10-10T16:59:46 IST">
  <testcase classname="com.SauceDemo.TestClass.TC04_VerifyAllProductFunctionality" name="VerifyAllProductFunctionality" time="0.813"/>
  <testcase classname="com.SauceDemo.TestClass.TC03_VerifyBagProductFunctionality" name="VerifyBagProductFunctionality" time="0.372"/>
  <testcase classname="com.SauceDemo.TestClass.TC01_VerifyLoginFunctionality" name="verifyLoginFunctionality" time="0.008"/>
  <testcase classname="com.SauceDemo.TestClass.TC02_VerifyLogOutFunctionality" name="verifyLOgOutFunctionality" time="0.181"/>
</testsuite> <!-- Test -->
